[2026-06-23 14:51:48] GET /api/search/songs?query=Khwaab%20Dekhoon&page=1&limit=20 200 285ms
[2026-06-23 14:51:50] GET /api/search/songs?query=Mast%20Magan%20Arijit%20Singh&page=1&limit=20 200 300ms
[2026-06-23 14:52:08] GET /api/songs/SuyKcubN/lyrics 200 561ms
[2026-06-23 14:52:13] GET /api/search/songs?query=Piya%20Bina%20Song%20%E2%80%A2%20Arijit%20Singh&page=1&limit=20 200 270ms
[2026-06-23 14:57:22] GET / 200 0ms
[2026-06-23 14:59:09] GET /api/search/songs?query=Asatoma%20Sadgamaya%20Arijit%20Singh&page=1&limit=20 200 402ms
[2026-06-23 14:59:12] GET /api/search/songs?query=KHWAISHEIN%20Arijit%20Singh&page=1&limit=20 200 256ms
[2026-06-23 15:02:19] GET /api/search/songs?query=Har%20Har%20Gange%20Arijit%20Singh&page=1&limit=20 200 286ms
[2026-06-23 15:02:49] GET /api/search/songs?query=Asadoma%20Sadgamayo%20Arijit%20Singh&page=1&limit=20 200 250ms
[2026-06-23 15:02:50] GET /api/search/songs?query=Asadoma%20Sadgamayo&page=1&limit=20 200 237ms
[2026-06-23 15:03:06] GET /api/search/songs?query=Apur%20Paayer%20Chhaap%20Arijit%20Singh&page=1&limit=20 200 325ms
[2026-06-23 15:10:48] GET /api/search/songs?query=Maskara%20A.%20R.%20Rahman&page=1&limit=20 200 284ms
[2026-06-23 15:10:48] GET /api/search/songs?query=Maskara&page=1&limit=20 200 264ms
[2026-06-23 15:10:59] GET /api/search/songs?query=Balenciaga%20Tony%20Kakkar&page=1&limit=20 200 404ms
[2026-06-23 15:11:18] GET /api/songs/bDfg_5T8/lyrics 200 257ms
[2026-06-23 15:11:43] GET /api/songs/bDfg_5T8/lyrics 200 0ms
[2026-06-23 15:11:47] GET /api/songs/jCclC-g3/lyrics 200 446ms
[2026-06-23 15:12:09] GET /api/search/songs?query=Alakh%20Niranjan%20Aditya&page=1&limit=20 200 219ms
[2026-06-23 15:12:38] GET /api/search/songs?query=Har%20Funn%20Maula%20Vishal%20Dadlani&page=1&limit=20 200 342ms
[2026-06-23 16:12:55] GET /api/albums?id=MPREb_ZLodU6CTiTb 200 482ms
[2026-06-23 16:13:04] GET /api/albums?id=MPREb_3TjmtgtIfjy 200 202ms
[2026-06-23 16:13:39] GET /api/albums?id=MPREb_9NlXPg19vh4 200 209ms
[2026-06-23 16:13:46] GET /api/albums?id=MPREb_yOOM2D0eHro 200 223ms
[2026-06-23 16:15:48] GET /api/albums?id=MPREb_Wv0AxR2kO9a 200 231ms
[2026-06-23 16:16:31] GET /api/search/songs?query=Jazz%20Instrumental%20Jazz%20Music%20Collection%20Zone&page=1&limit=20 200 426ms
[2026-06-23 16:16:32] GET /api/search/songs?query=Jazz%20Instrumental&page=1&limit=20 200 414ms
[2026-06-23 16:16:35] GET /api/search/songs?query=Evening%20Jazz%20Dinner%20Jazz&page=1&limit=20 200 660ms
[2026-06-23 16:16:41] GET /api/search/songs?query=Infinity%20Jaymes%20Young&page=1&limit=20 200 431ms
[2026-06-23 16:16:44] GET /api/search/songs?query=CHANEL%20Tyla&page=1&limit=20 200 244ms
[2026-06-23 16:16:56] GET /api/albums?id=MPREb_yOOM2D0eHro 200 0ms
[2026-06-23 16:22:37] GET / 200 0ms
[2026-06-23 17:06:25] GET / 200 0ms
[2026-06-23 17:06:26] POST / 405 0ms
[2026-06-23 17:13:39] GET /api/search/songs?query=You%20Got%20This%20Fotty%20Seven&page=1&limit=20 200 368ms
[2026-06-23 17:14:53] GET / 200 0ms
[2026-06-23 17:15:30] GET /api/search/songs?query=Mental%20Therapy%20DEVEL&page=1&limit=20 200 352ms
[2026-06-23 17:15:31] GET /api/search/songs?query=Mental%20Therapy&page=1&limit=20 200 390ms
[2026-06-23 17:15:35] GET /api/search/songs?query=Yalgaar%20CarryMinati&page=1&limit=20 200 323ms
[2026-06-23 17:15:39] GET /api/search/songs?query=Zinda%20Shankar%20Ehsaan%20Loy&page=1&limit=20 200 309ms
[2026-06-23 17:15:42] GET /api/search/songs?query=Kar%20Har%20Maidaan%20Fateh%20T-Series&page=1&limit=20 200 262ms
[2026-06-23 17:15:42] GET /api/search/songs?query=Kar%20Har%20Maidaan%20Fateh&page=1&limit=20 200 264ms
[2026-06-23 17:15:46] GET /api/search/songs?query=Aam%20Jahe%20Munde%20Parmish%20Verma&page=1&limit=20 200 604ms
[2026-06-23 17:15:51] GET /api/search/songs?query=Unstoppable%20Sia&page=1&limit=20 200 353ms
[2026-06-23 17:15:54] GET /api/search/songs?query=Believer%20Imagine%20Dragons&page=1&limit=20 200 333ms
[2026-06-23 17:15:57] GET /api/search/songs?query=Gangsta%27s%20Paradise%20Coolio&page=1&limit=20 200 279ms
[2026-06-23 17:40:03] GET / 200 0ms
[2026-06-23 17:49:32] GET /api/songs/t4uQLt6v/suggestions?limit=20 200 267ms
[2026-06-23 17:49:32] GET /api/songs/t4uQLt6v 200 508ms
[2026-06-23 17:49:32] GET /api/search/artists?query=Sameer&page=1&limit=5 200 513ms
[2026-06-23 17:49:32] GET /api/search/artists?query=Super%20Cassettes%20Industries%20Private%20Limited&page=1&limit=5 200 226ms
[2026-06-23 18:10:31] HEAD / 200 0ms
[2026-06-23 18:51:04] GET / 200 0ms
[2026-06-23 18:51:52] GET / 200 0ms
[2026-06-23 18:51:52] POST / 405 0ms
[2026-06-23 19:24:44] GET / 200 0ms
[2026-06-23 19:37:57] GET /api/playlists?id=VLRDCLAK5uy_mFsmTeYZAVTX0sgiyO5h3Xag07yo5uXM4 200 264ms
[2026-06-23 19:38:06] GET /api/search/songs?query=Peaceful%20Night%20Soothing%20Deep%20Sleep%20Music%20Personal%20Power%20Sleep%20Serenity&page=1&limit=20 200 398ms
[2026-06-23 19:38:07] GET /api/search/songs?query=Peaceful%20Night%20Soothing%20Deep%20Sleep%20Music&page=1&limit=20 200 395ms
[2026-06-23 19:38:13] GET /api/search/songs?query=Ocean%20Waves%20Joe%20Baker&page=1&limit=20 200 1106ms
[2026-06-23 19:38:15] GET /api/search/songs?query=Ocean%20Waves&page=1&limit=20 200 389ms
[2026-06-23 19:38:38] GET /api/search/songs?query=BASS%20BOOSTED%20CLUB%20MIX%202026%20ULTRA%20BEATS%20MUSIC&page=1&limit=20 200 300ms
[2026-06-23 19:38:39] GET /api/search/songs?query=BASS%20BOOSTED%20CLUB%20MIX%202026&page=1&limit=20 200 284ms
[2026-06-23 19:38:43] GET /api/search/songs?query=The%20Humma%20A.R.%20Rahman&page=1&limit=20 200 286ms
[2026-06-23 19:49:16] GET / 200 0ms
[2026-06-23 19:49:31] GET /api/search/songs?query=Sun%20is%20up%20INNA&page=1&limit=20 200 603ms
[2026-06-23 19:49:32] GET /api/search/songs?query=Sun%20is%20up&page=1&limit=20 200 298ms
[2026-06-23 19:52:30] GET /api/search/songs?query=Snooze%20SZA&page=1&limit=20 200 327ms
[2026-06-23 19:56:21] GET /api/search/songs?query=Apna%20Bana%20Le%20Arijit%20Singh&page=1&limit=20 200 610ms
[2026-06-23 19:59:48] GET /api/search/songs?query=Party%20Mashup%20Shruti%20Rane&page=1&limit=20 200 256ms
[2026-06-23 20:04:09] GET /api/search/songs?query=Rush%20Ayra%20Starr&page=1&limit=20 200 252ms
[2026-06-23 20:04:09] GET /api/search/songs?query=Rush&page=1&limit=20 200 361ms
[2026-06-23 20:04:26] GET /api/songs/R78ztcxS/lyrics 200 173ms
[2026-06-23 20:25:55] GET / 200 0ms
[2026-06-23 20:25:55] POST / 405 0ms
[2026-06-23 20:34:25] GET /api/search/songs?query=Baby%20Justin%20Bieber&page=1&limit=20 200 321ms
[2026-06-23 20:37:27] GET /api/search/songs?query=Dilbar%20Neha%20Kakkar&page=1&limit=20 200 278ms
[2026-06-23 20:41:05] GET /api/search/songs?query=On%20Top%20Karan%20Aujla&page=1&limit=20 200 248ms
[2026-06-23 20:41:06] GET /api/search/songs?query=On%20Top&page=1&limit=20 200 302ms
[2026-06-23 20:45:52] GET / 200 0ms
