[2026-06-23 23:04:28] GET /docs 200 2ms
[2026-06-23 23:04:28] GET /docs/assets/index-BzWLpe17.js 200 1ms
[2026-06-23 23:04:28] GET /docs/assets/index-CGrM_lM-.css 200 1ms
[2026-06-23 23:04:29] GET /docs/favicon.svg 200 1ms
[2026-06-23 23:04:38] GET /docs 304 1ms
[2026-06-23 23:04:38] GET /docs/assets/index-BzWLpe17.js 304 1ms
[2026-06-23 23:04:38] GET /docs/assets/index-CGrM_lM-.css 304 5ms
[2026-06-23 23:04:38] GET /docs/favicon.svg 304 1ms
[2026-06-23 23:05:01] GET /docs 304 5ms
[2026-06-23 23:05:05] GET /api/search?query=Arijit%20Singh%20 200 272ms
[2026-06-23 23:05:11] GET /docs 304 1ms
[2026-06-23 23:05:21] GET /docs 304 2ms
[2026-06-23 23:05:42] GET /docs 304 3ms
[2026-06-23 23:06:02] GET /docs 304 16ms
[2026-06-23 23:06:21] GET /docs 200 2ms
[2026-06-23 23:06:30] GET /docs 304 1ms
[2026-06-23 23:06:30] GET /docs/assets/index-CMm4U8hT.js 200 1ms
[2026-06-23 23:06:31] GET /docs/assets/index-CHhUuHn3.css 200 2ms
[2026-06-23 23:06:31] GET /docs/favicon.svg 200 1ms
[2026-06-23 23:06:45] GET /docs 304 1ms
[2026-06-23 23:06:55] GET /docs 304 5ms
[2026-06-23 23:06:59] GET /api/search/songs?query=Arijit%20&page=1&limit=20 200 573ms
[2026-06-23 23:07:05] GET /docs 304 1ms
[2026-06-23 23:07:15] GET /docs 304 0ms
[2026-06-23 23:07:25] GET /docs 304 1ms
[2026-06-23 23:07:35] GET /docs 304 2ms
[2026-06-23 23:07:45] GET /docs 304 1ms
[2026-06-23 23:07:55] GET /docs 304 2ms
[2026-06-23 23:08:00] GET /docs 304 2ms
[2026-06-23 23:08:00] GET /docs/assets/index-CHhUuHn3.css 304 1ms
[2026-06-23 23:08:00] GET /docs/assets/index-CMm4U8hT.js 304 3ms
[2026-06-23 23:08:01] GET /docs/favicon.svg 304 5ms
